<?xml version="1.0" encoding="UTF-8"?>
<persistence xmlns:xsi="http://www.w3.org/2001/XMLSchema-instance" version="2.1"
             xmlns="http://xmlns.jcp.org/xml/ns/persistence"
             xsi:schemaLocation="http://xmlns.jcp.org/xml/ns/persistence http://xmlns.jcp.org/xml/ns/persistence/persistence_2_1.xsd">

  <persistence-unit name="rentalService-PU" transaction-type="JTA">
    <jta-data-source>java:jboss/datasources/ExampleDS</jta-data-source>

    <class>com.rentalservice.model.Book</class>

    <exclude-unlisted-classes>true</exclude-unlisted-classes>
    <shared-cache-mode>ENABLE_SELECTIVE</shared-cache-mode>

    <properties>
      <property name="hibernate.hbm2ddl.auto" value="create-drop"/>
      <property name="hibernate.transaction.manager_lookup_class"
                value="org.hibernate.transaction.JBossTransactionManagerLookup"/>
      <property name="hibernate.default_batch_fetch_size" value="1000"/>
      <property name="hibernate.jdbc.batch_size" value="0"/>
      <property name="hibernate.connection.handling_mode" value="delayed_acquisition_and_release_after_statement"/>
      <property name="hibernate.connection.SetBigStringTryClob" value="true"/>

    </properties>
  </persistence-unit>

</persistence>
